# JRE version: Java(TM) SE Runtime Environment (19.0+36) (build 19+36-2238)
# Java VM: Java HotSpot(TM) 64-Bit Server VM (19+36-2238, mixed mode, sharing, tiered, compressed oops, compressed class ptrs, g1 gc, windows-amd64)
GC Precious Log:
 CardTable entry size: 512
 Card Set container configuration: InlinePtr #cards 4 size 8 Array Of Cards #cards 8 size 32 Howl #buckets 8 coarsen threshold 3686 Howl Bitmap #cards 512 size 80 coarsen threshold 460 Card regions per heap region 1 cards per card region 4096
 CPUs: 8 total, 8 available
 Memory: 16335M
 Large Page Support: Disabled
 NUMA Support: Disabled
 Compressed Oops: Enabled (Zero based)
 Heap Region Size: 2M
 Heap Min Capacity: 8M
 Heap Initial Capacity: 256M
 Heap Max Capacity: 4084M
 Pre-touch: Disabled
 Parallel Workers: 8
 Concurrent Workers: 2
 Concurrent Refinement Workers: 8
 Periodic GC: Disabled
Heap:
 garbage-first heap   total 96256K, used 53543K [0x0000000700c00000, 0x0000000800000000)
  region size 2048K, 16 young (32768K), 3 survivors (6144K)
 Metaspace       used 64461K, committed 65088K, reserved 1114112K
  class space    used 8207K, committed 8512K, reserved 1048576K
GC Heap History (20 events):
Event: 18.096 GC heap before
{Heap before GC invocations=14 (full 0):
 garbage-first heap   total 55296K, used 40510K [0x0000000700c00000, 0x0000000800000000)
  region size 2048K, 10 young (20480K), 2 survivors (4096K)
 Metaspace       used 57568K, committed 57984K, reserved 1114112K
  class space    used 7468K, committed 7680K, reserved 1048576K
}
Event: 18.102 GC heap after
{Heap after GC invocations=15 (full 0):
 garbage-first heap   total 55296K, used 24841K [0x0000000700c00000, 0x0000000800000000)
  region size 2048K, 1 young (2048K), 1 survivors (2048K)
 Metaspace       used 57568K, committed 57984K, reserved 1114112K
  class space    used 7468K, committed 7680K, reserved 1048576K
}
Event: 18.295 GC heap before
{Heap before GC invocations=15 (full 0):
 garbage-first heap   total 55296K, used 41225K [0x0000000700c00000, 0x0000000800000000)
  region size 2048K, 9 young (18432K), 1 survivors (2048K)
 Metaspace       used 58293K, committed 58688K, reserved 1114112K
  class space    used 7552K, committed 7744K, reserved 1048576K
}
Event: 18.299 GC heap after
{Heap after GC invocations=16 (full 0):
 garbage-first heap   total 159744K, used 25414K [0x0000000700c00000, 0x0000000800000000)
  region size 2048K, 2 young (4096K), 2 survivors (4096K)
 Metaspace       used 58293K, committed 58688K, reserved 1114112K
  class space    used 7552K, committed 7744K, reserved 1048576K
}
Event: 18.708 GC heap before
{Heap before GC invocations=16 (full 0):
 garbage-first heap   total 159744K, used 37702K [0x0000000700c00000, 0x0000000800000000)
  region size 2048K, 9 young (18432K), 2 survivors (4096K)
 Metaspace       used 60113K, committed 60480K, reserved 1114112K
  class space    used 7797K, committed 8000K, reserved 1048576K
}
Event: 18.715 GC heap after
{Heap after GC invocations=17 (full 0):
 garbage-first heap   total 159744K, used 26623K [0x0000000700c00000, 0x0000000800000000)
  region size 2048K, 2 young (4096K), 2 survivors (4096K)
 Metaspace       used 60113K, committed 60480K, reserved 1114112K
  class space    used 7797K, committed 8000K, reserved 1048576K
}
Event: 408.248 GC heap before
{Heap before GC invocations=18 (full 0):
 garbage-first heap   total 102400K, used 83967K [0x0000000700c00000, 0x0000000800000000)
  region size 2048K, 30 young (61440K), 2 survivors (4096K)
 Metaspace       used 62513K, committed 63040K, reserved 1114112K
  class space    used 8086K, committed 8384K, reserved 1048576K
}
Event: 408.253 GC heap after
{Heap after GC invocations=19 (full 0):
 garbage-first heap   total 102400K, used 28690K [0x0000000700c00000, 0x0000000800000000)
  region size 2048K, 3 young (6144K), 3 survivors (6144K)
 Metaspace       used 62513K, committed 63040K, reserved 1114112K
  class space    used 8086K, committed 8384K, reserved 1048576K
}
Event: 442.240 GC heap before
{Heap before GC invocations=19 (full 0):
 garbage-first heap   total 102400K, used 30738K [0x0000000700c00000, 0x0000000800000000)
  region size 2048K, 4 young (8192K), 3 survivors (6144K)
 Metaspace       used 62513K, committed 63040K, reserved 1114112K
  class space    used 8086K, committed 8384K, reserved 1048576K
}
Event: 442.246 GC heap after
{Heap after GC invocations=20 (full 0):
 garbage-first heap   total 102400K, used 29096K [0x0000000700c00000, 0x0000000800000000)
  region size 2048K, 1 young (2048K), 1 survivors (2048K)
 Metaspace       used 62513K, committed 63040K, reserved 1114112K
  class space    used 8086K, committed 8384K, reserved 1048576K
}
Event: 1466.696 GC heap before
{Heap before GC invocations=20 (full 0):
 garbage-first heap   total 102400K, used 80296K [0x0000000700c00000, 0x0000000800000000)
  region size 2048K, 26 young (53248K), 1 survivors (2048K)
 Metaspace       used 62538K, committed 63040K, reserved 1114112K
  class space    used 8086K, committed 8384K, reserved 1048576K
}
Event: 1466.697 GC heap after
{Heap after GC invocations=21 (full 0):
 garbage-first heap   total 102400K, used 28497K [0x0000000700c00000, 0x0000000800000000)
  region size 2048K, 1 young (2048K), 1 survivors (2048K)
 Metaspace       used 62538K, committed 63040K, reserved 1114112K
  class space    used 8086K, committed 8384K, reserved 1048576K
}
Event: 2177.531 GC heap before
{Heap before GC invocations=21 (full 0):
 garbage-first heap   total 102400K, used 81745K [0x0000000700c00000, 0x0000000800000000)
  region size 2048K, 27 young (55296K), 1 survivors (2048K)
 Metaspace       used 62732K, committed 63232K, reserved 1114112K
  class space    used 8087K, committed 8384K, reserved 1048576K
}
Event: 2177.533 GC heap after
{Heap after GC invocations=22 (full 0):
 garbage-first heap   total 102400K, used 28771K [0x0000000700c00000, 0x0000000800000000)
  region size 2048K, 1 young (2048K), 1 survivors (2048K)
 Metaspace       used 62732K, committed 63232K, reserved 1114112K
  class space    used 8087K, committed 8384K, reserved 1048576K
}
Event: 2869.212 GC heap before
{Heap before GC invocations=22 (full 0):
 garbage-first heap   total 102400K, used 65635K [0x0000000700c00000, 0x0000000800000000)
  region size 2048K, 20 young (40960K), 1 survivors (2048K)
 Metaspace       used 62891K, committed 63424K, reserved 1114112K
  class space    used 8106K, committed 8384K, reserved 1048576K
}
Event: 2869.587 GC heap after
{Heap after GC invocations=23 (full 1):
 garbage-first heap   total 96256K, used 24730K [0x0000000700c00000, 0x0000000800000000)
  region size 2048K, 0 young (0K), 0 survivors (0K)
 Metaspace       used 62874K, committed 63424K, reserved 1114112K
  class space    used 8103K, committed 8384K, reserved 1048576K
}
Event: 2875.470 GC heap before
{Heap before GC invocations=23 (full 1):
 garbage-first heap   total 96256K, used 75930K [0x0000000700c00000, 0x0000000800000000)
  region size 2048K, 25 young (51200K), 0 survivors (0K)
 Metaspace       used 63842K, committed 64384K, reserved 1114112K
  class space    used 8168K, committed 8448K, reserved 1048576K
}
Event: 2875.493 GC heap after
{Heap after GC invocations=24 (full 1):
 garbage-first heap   total 96256K, used 27520K [0x0000000700c00000, 0x0000000800000000)
  region size 2048K, 2 young (4096K), 2 survivors (4096K)
 Metaspace       used 63842K, committed 64384K, reserved 1114112K
  class space    used 8168K, committed 8448K, reserved 1048576K
}
Event: 2899.201 GC heap before
{Heap before GC invocations=24 (full 1):
 garbage-first heap   total 96256K, used 74624K [0x0000000700c00000, 0x0000000800000000)
  region size 2048K, 25 young (51200K), 2 survivors (4096K)
 Metaspace       used 64291K, committed 64896K, reserved 1114112K
  class space    used 8195K, committed 8512K, reserved 1048576K
}
Event: 2899.208 GC heap after
{Heap after GC invocations=25 (full 1):
 garbage-first heap   total 96256K, used 28967K [0x0000000700c00000, 0x0000000800000000)
  region size 2048K, 3 young (6144K), 3 survivors (6144K)
 Metaspace       used 64291K, committed 64896K, reserved 1114112K
  class space    used 8195K, committed 8512K, reserved 1048576K
}

